2018/09/06-09:19:30 [main] ERROR c.a.e.cache.manager.FileLoaderImpl - E:\ideaproject\demomybatis\target\test-classes\cn\afterturn\easypoi\test\word\doc\Image.docx (系统找不到指定的路径。)
java.io.FileNotFoundException: E:\ideaproject\demomybatis\target\test-classes\cn\afterturn\easypoi\test\word\doc\Image.docx (系统找不到指定的路径。)
	at java.io.FileInputStream.open0(Native Method) ~[na:1.8.0_144]
	at java.io.FileInputStream.open(FileInputStream.java:195) ~[na:1.8.0_144]
	at java.io.FileInputStream.<init>(FileInputStream.java:138) ~[na:1.8.0_144]
	at java.io.FileInputStream.<init>(FileInputStream.java:93) ~[na:1.8.0_144]
	at cn.afterturn.easypoi.cache.manager.FileLoaderImpl.getFile(FileLoaderImpl.java:54) ~[easypoi-base-3.0.3.jar:na]
	at cn.afterturn.easypoi.cache.manager.POICacheManager$1.load(POICacheManager.java:58) [easypoi-base-3.0.3.jar:na]
	at cn.afterturn.easypoi.cache.manager.POICacheManager$1.load(POICacheManager.java:52) [easypoi-base-3.0.3.jar:na]
	at com.google.common.cache.LocalCache$LoadingValueReference.loadFuture(LocalCache.java:3524) [guava-16.0.1.jar:na]
	at com.google.common.cache.LocalCache$Segment.loadSync(LocalCache.java:2317) [guava-16.0.1.jar:na]
	at com.google.common.cache.LocalCache$Segment.lockedGetOrLoad(LocalCache.java:2280) [guava-16.0.1.jar:na]
	at com.google.common.cache.LocalCache$Segment.get(LocalCache.java:2195) [guava-16.0.1.jar:na]
	at com.google.common.cache.LocalCache.get(LocalCache.java:3934) [guava-16.0.1.jar:na]
	at com.google.common.cache.LocalCache.getOrLoad(LocalCache.java:3938) [guava-16.0.1.jar:na]
	at com.google.common.cache.LocalCache$LocalLoadingCache.get(LocalCache.java:4821) [guava-16.0.1.jar:na]
	at cn.afterturn.easypoi.cache.manager.POICacheManager.getFile(POICacheManager.java:68) [easypoi-base-3.0.3.jar:na]
	at cn.afterturn.easypoi.cache.WordCache.getXWPFDocumen(WordCache.java:39) [easypoi-base-3.0.3.jar:na]
	at cn.afterturn.easypoi.word.parse.ParseWord07.parseWord(ParseWord07.java:241) [easypoi-base-3.0.3.jar:na]
	at cn.afterturn.easypoi.word.WordExportUtil.exportWord07(WordExportUtil.java:47) [easypoi-base-3.0.3.jar:na]
	at com.cj.junit.TimeTest.imageWordExport(TimeTest.java:38) [classes/:na]
	at sun.reflect.NativeMethodAccessorImpl.invoke0(Native Method) ~[na:1.8.0_144]
	at sun.reflect.NativeMethodAccessorImpl.invoke(NativeMethodAccessorImpl.java:62) ~[na:1.8.0_144]
	at sun.reflect.DelegatingMethodAccessorImpl.invoke(DelegatingMethodAccessorImpl.java:43) ~[na:1.8.0_144]
	at java.lang.reflect.Method.invoke(Method.java:498) ~[na:1.8.0_144]
	at org.junit.runners.model.FrameworkMethod$1.runReflectiveCall(FrameworkMethod.java:50) [junit-4.12.jar:4.12]
	at org.junit.internal.runners.model.ReflectiveCallable.run(ReflectiveCallable.java:12) [junit-4.12.jar:4.12]
	at org.junit.runners.model.FrameworkMethod.invokeExplosively(FrameworkMethod.java:47) [junit-4.12.jar:4.12]
	at org.junit.internal.runners.statements.InvokeMethod.evaluate(InvokeMethod.java:17) [junit-4.12.jar:4.12]
	at org.junit.runners.ParentRunner.runLeaf(ParentRunner.java:325) [junit-4.12.jar:4.12]
	at org.junit.runners.BlockJUnit4ClassRunner.runChild(BlockJUnit4ClassRunner.java:78) [junit-4.12.jar:4.12]
	at org.junit.runners.BlockJUnit4ClassRunner.runChild(BlockJUnit4ClassRunner.java:57) [junit-4.12.jar:4.12]
	at org.junit.runners.ParentRunner$3.run(ParentRunner.java:290) [junit-4.12.jar:4.12]
	at org.junit.runners.ParentRunner$1.schedule(ParentRunner.java:71) [junit-4.12.jar:4.12]
	at org.junit.runners.ParentRunner.runChildren(ParentRunner.java:288) [junit-4.12.jar:4.12]
	at org.junit.runners.ParentRunner.access$000(ParentRunner.java:58) [junit-4.12.jar:4.12]
	at org.junit.runners.ParentRunner$2.evaluate(ParentRunner.java:268) [junit-4.12.jar:4.12]
	at org.junit.runners.ParentRunner.run(ParentRunner.java:363) [junit-4.12.jar:4.12]
	at org.junit.runner.JUnitCore.run(JUnitCore.java:137) [junit-4.12.jar:4.12]
	at com.intellij.junit4.JUnit4IdeaTestRunner.startRunnerWithArgs(JUnit4IdeaTestRunner.java:68) [junit-rt.jar:na]
	at com.intellij.rt.execution.junit.IdeaTestRunner$Repeater.startRunnerWithArgs(IdeaTestRunner.java:47) [junit-rt.jar:na]
	at com.intellij.rt.execution.junit.JUnitStarter.prepareStreamsAndStart(JUnitStarter.java:242) [junit-rt.jar:na]
	at com.intellij.rt.execution.junit.JUnitStarter.main(JUnitStarter.java:70) [junit-rt.jar:na]
2018/09/06-09:19:30 [main] ERROR c.a.e.cache.manager.FileLoaderImpl - null这个路径文件没有找到,请查询
2018/09/06-09:19:30 [main] ERROR cn.afterturn.easypoi.cache.WordCache - CacheLoader returned null for key cn/afterturn/easypoi/test/word/doc/Image.docx.
com.google.common.cache.CacheLoader$InvalidCacheLoadException: CacheLoader returned null for key cn/afterturn/easypoi/test/word/doc/Image.docx.
	at com.google.common.cache.LocalCache$Segment.getAndRecordStats(LocalCache.java:2348) ~[guava-16.0.1.jar:na]
	at com.google.common.cache.LocalCache$Segment.loadSync(LocalCache.java:2318) ~[guava-16.0.1.jar:na]
	at com.google.common.cache.LocalCache$Segment.lockedGetOrLoad(LocalCache.java:2280) ~[guava-16.0.1.jar:na]
	at com.google.common.cache.LocalCache$Segment.get(LocalCache.java:2195) ~[guava-16.0.1.jar:na]
	at com.google.common.cache.LocalCache.get(LocalCache.java:3934) ~[guava-16.0.1.jar:na]
	at com.google.common.cache.LocalCache.getOrLoad(LocalCache.java:3938) ~[guava-16.0.1.jar:na]
	at com.google.common.cache.LocalCache$LocalLoadingCache.get(LocalCache.java:4821) ~[guava-16.0.1.jar:na]
	at cn.afterturn.easypoi.cache.manager.POICacheManager.getFile(POICacheManager.java:68) ~[easypoi-base-3.0.3.jar:na]
	at cn.afterturn.easypoi.cache.WordCache.getXWPFDocumen(WordCache.java:39) ~[easypoi-base-3.0.3.jar:na]
	at cn.afterturn.easypoi.word.parse.ParseWord07.parseWord(ParseWord07.java:241) [easypoi-base-3.0.3.jar:na]
	at cn.afterturn.easypoi.word.WordExportUtil.exportWord07(WordExportUtil.java:47) [easypoi-base-3.0.3.jar:na]
	at com.cj.junit.TimeTest.imageWordExport(TimeTest.java:38) [classes/:na]
	at sun.reflect.NativeMethodAccessorImpl.invoke0(Native Method) ~[na:1.8.0_144]
	at sun.reflect.NativeMethodAccessorImpl.invoke(NativeMethodAccessorImpl.java:62) ~[na:1.8.0_144]
	at sun.reflect.DelegatingMethodAccessorImpl.invoke(DelegatingMethodAccessorImpl.java:43) ~[na:1.8.0_144]
	at java.lang.reflect.Method.invoke(Method.java:498) ~[na:1.8.0_144]
	at org.junit.runners.model.FrameworkMethod$1.runReflectiveCall(FrameworkMethod.java:50) [junit-4.12.jar:4.12]
	at org.junit.internal.runners.model.ReflectiveCallable.run(ReflectiveCallable.java:12) [junit-4.12.jar:4.12]
	at org.junit.runners.model.FrameworkMethod.invokeExplosively(FrameworkMethod.java:47) [junit-4.12.jar:4.12]
	at org.junit.internal.runners.statements.InvokeMethod.evaluate(InvokeMethod.java:17) [junit-4.12.jar:4.12]
	at org.junit.runners.ParentRunner.runLeaf(ParentRunner.java:325) [junit-4.12.jar:4.12]
	at org.junit.runners.BlockJUnit4ClassRunner.runChild(BlockJUnit4ClassRunner.java:78) [junit-4.12.jar:4.12]
	at org.junit.runners.BlockJUnit4ClassRunner.runChild(BlockJUnit4ClassRunner.java:57) [junit-4.12.jar:4.12]
	at org.junit.runners.ParentRunner$3.run(ParentRunner.java:290) [junit-4.12.jar:4.12]
	at org.junit.runners.ParentRunner$1.schedule(ParentRunner.java:71) [junit-4.12.jar:4.12]
	at org.junit.runners.ParentRunner.runChildren(ParentRunner.java:288) [junit-4.12.jar:4.12]
	at org.junit.runners.ParentRunner.access$000(ParentRunner.java:58) [junit-4.12.jar:4.12]
	at org.junit.runners.ParentRunner$2.evaluate(ParentRunner.java:268) [junit-4.12.jar:4.12]
	at org.junit.runners.ParentRunner.run(ParentRunner.java:363) [junit-4.12.jar:4.12]
	at org.junit.runner.JUnitCore.run(JUnitCore.java:137) [junit-4.12.jar:4.12]
	at com.intellij.junit4.JUnit4IdeaTestRunner.startRunnerWithArgs(JUnit4IdeaTestRunner.java:68) [junit-rt.jar:na]
	at com.intellij.rt.execution.junit.IdeaTestRunner$Repeater.startRunnerWithArgs(IdeaTestRunner.java:47) [junit-rt.jar:na]
	at com.intellij.rt.execution.junit.JUnitStarter.prepareStreamsAndStart(JUnitStarter.java:242) [junit-rt.jar:na]
	at com.intellij.rt.execution.junit.JUnitStarter.main(JUnitStarter.java:70) [junit-rt.jar:na]
2018/09/06-09:19:30 [main] ERROR cn.afterturn.easypoi.cache.WordCache - null
java.lang.NullPointerException: null
	at cn.afterturn.easypoi.cache.WordCache.getXWPFDocumen(WordCache.java:46) ~[easypoi-base-3.0.3.jar:na]
	at cn.afterturn.easypoi.word.parse.ParseWord07.parseWord(ParseWord07.java:241) [easypoi-base-3.0.3.jar:na]
	at cn.afterturn.easypoi.word.WordExportUtil.exportWord07(WordExportUtil.java:47) [easypoi-base-3.0.3.jar:na]
	at com.cj.junit.TimeTest.imageWordExport(TimeTest.java:38) [classes/:na]
	at sun.reflect.NativeMethodAccessorImpl.invoke0(Native Method) ~[na:1.8.0_144]
	at sun.reflect.NativeMethodAccessorImpl.invoke(NativeMethodAccessorImpl.java:62) ~[na:1.8.0_144]
	at sun.reflect.DelegatingMethodAccessorImpl.invoke(DelegatingMethodAccessorImpl.java:43) ~[na:1.8.0_144]
	at java.lang.reflect.Method.invoke(Method.java:498) ~[na:1.8.0_144]
	at org.junit.runners.model.FrameworkMethod$1.runReflectiveCall(FrameworkMethod.java:50) [junit-4.12.jar:4.12]
	at org.junit.internal.runners.model.ReflectiveCallable.run(ReflectiveCallable.java:12) [junit-4.12.jar:4.12]
	at org.junit.runners.model.FrameworkMethod.invokeExplosively(FrameworkMethod.java:47) [junit-4.12.jar:4.12]
	at org.junit.internal.runners.statements.InvokeMethod.evaluate(InvokeMethod.java:17) [junit-4.12.jar:4.12]
	at org.junit.runners.ParentRunner.runLeaf(ParentRunner.java:325) [junit-4.12.jar:4.12]
	at org.junit.runners.BlockJUnit4ClassRunner.runChild(BlockJUnit4ClassRunner.java:78) [junit-4.12.jar:4.12]
	at org.junit.runners.BlockJUnit4ClassRunner.runChild(BlockJUnit4ClassRunner.java:57) [junit-4.12.jar:4.12]
	at org.junit.runners.ParentRunner$3.run(ParentRunner.java:290) [junit-4.12.jar:4.12]
	at org.junit.runners.ParentRunner$1.schedule(ParentRunner.java:71) [junit-4.12.jar:4.12]
	at org.junit.runners.ParentRunner.runChildren(ParentRunner.java:288) [junit-4.12.jar:4.12]
	at org.junit.runners.ParentRunner.access$000(ParentRunner.java:58) [junit-4.12.jar:4.12]
	at org.junit.runners.ParentRunner$2.evaluate(ParentRunner.java:268) [junit-4.12.jar:4.12]
	at org.junit.runners.ParentRunner.run(ParentRunner.java:363) [junit-4.12.jar:4.12]
	at org.junit.runner.JUnitCore.run(JUnitCore.java:137) [junit-4.12.jar:4.12]
	at com.intellij.junit4.JUnit4IdeaTestRunner.startRunnerWithArgs(JUnit4IdeaTestRunner.java:68) [junit-rt.jar:na]
	at com.intellij.rt.execution.junit.IdeaTestRunner$Repeater.startRunnerWithArgs(IdeaTestRunner.java:47) [junit-rt.jar:na]
	at com.intellij.rt.execution.junit.JUnitStarter.prepareStreamsAndStart(JUnitStarter.java:242) [junit-rt.jar:na]
	at com.intellij.rt.execution.junit.JUnitStarter.main(JUnitStarter.java:70) [junit-rt.jar:na]
2018/09/06-09:20:45 [main] ERROR c.a.e.cache.manager.FileLoaderImpl - E:\ideaproject\demomybatis\target\test-classes\cn\afterturn\easypoi\test\word\doc\Image.docx (系统找不到指定的路径。)
java.io.FileNotFoundException: E:\ideaproject\demomybatis\target\test-classes\cn\afterturn\easypoi\test\word\doc\Image.docx (系统找不到指定的路径。)
	at java.io.FileInputStream.open0(Native Method) ~[na:1.8.0_144]
	at java.io.FileInputStream.open(FileInputStream.java:195) ~[na:1.8.0_144]
	at java.io.FileInputStream.<init>(FileInputStream.java:138) ~[na:1.8.0_144]
	at java.io.FileInputStream.<init>(FileInputStream.java:93) ~[na:1.8.0_144]
	at cn.afterturn.easypoi.cache.manager.FileLoaderImpl.getFile(FileLoaderImpl.java:54) ~[easypoi-base-3.0.3.jar:na]
	at cn.afterturn.easypoi.cache.manager.POICacheManager$1.load(POICacheManager.java:58) [easypoi-base-3.0.3.jar:na]
	at cn.afterturn.easypoi.cache.manager.POICacheManager$1.load(POICacheManager.java:52) [easypoi-base-3.0.3.jar:na]
	at com.google.common.cache.LocalCache$LoadingValueReference.loadFuture(LocalCache.java:3524) [guava-16.0.1.jar:na]
	at com.google.common.cache.LocalCache$Segment.loadSync(LocalCache.java:2317) [guava-16.0.1.jar:na]
	at com.google.common.cache.LocalCache$Segment.lockedGetOrLoad(LocalCache.java:2280) [guava-16.0.1.jar:na]
	at com.google.common.cache.LocalCache$Segment.get(LocalCache.java:2195) [guava-16.0.1.jar:na]
	at com.google.common.cache.LocalCache.get(LocalCache.java:3934) [guava-16.0.1.jar:na]
	at com.google.common.cache.LocalCache.getOrLoad(LocalCache.java:3938) [guava-16.0.1.jar:na]
	at com.google.common.cache.LocalCache$LocalLoadingCache.get(LocalCache.java:4821) [guava-16.0.1.jar:na]
	at cn.afterturn.easypoi.cache.manager.POICacheManager.getFile(POICacheManager.java:68) [easypoi-base-3.0.3.jar:na]
	at cn.afterturn.easypoi.cache.WordCache.getXWPFDocumen(WordCache.java:39) [easypoi-base-3.0.3.jar:na]
	at cn.afterturn.easypoi.word.parse.ParseWord07.parseWord(ParseWord07.java:241) [easypoi-base-3.0.3.jar:na]
	at cn.afterturn.easypoi.word.WordExportUtil.exportWord07(WordExportUtil.java:47) [easypoi-base-3.0.3.jar:na]
	at com.cj.junit.TimeTest.imageWordExport(TimeTest.java:38) [classes/:na]
	at sun.reflect.NativeMethodAccessorImpl.invoke0(Native Method) ~[na:1.8.0_144]
	at sun.reflect.NativeMethodAccessorImpl.invoke(NativeMethodAccessorImpl.java:62) ~[na:1.8.0_144]
	at sun.reflect.DelegatingMethodAccessorImpl.invoke(DelegatingMethodAccessorImpl.java:43) ~[na:1.8.0_144]
	at java.lang.reflect.Method.invoke(Method.java:498) ~[na:1.8.0_144]
	at org.junit.runners.model.FrameworkMethod$1.runReflectiveCall(FrameworkMethod.java:50) [junit-4.12.jar:4.12]
	at org.junit.internal.runners.model.ReflectiveCallable.run(ReflectiveCallable.java:12) [junit-4.12.jar:4.12]
	at org.junit.runners.model.FrameworkMethod.invokeExplosively(FrameworkMethod.java:47) [junit-4.12.jar:4.12]
	at org.junit.internal.runners.statements.InvokeMethod.evaluate(InvokeMethod.java:17) [junit-4.12.jar:4.12]
	at org.junit.runners.ParentRunner.runLeaf(ParentRunner.java:325) [junit-4.12.jar:4.12]
	at org.junit.runners.BlockJUnit4ClassRunner.runChild(BlockJUnit4ClassRunner.java:78) [junit-4.12.jar:4.12]
	at org.junit.runners.BlockJUnit4ClassRunner.runChild(BlockJUnit4ClassRunner.java:57) [junit-4.12.jar:4.12]
	at org.junit.runners.ParentRunner$3.run(ParentRunner.java:290) [junit-4.12.jar:4.12]
	at org.junit.runners.ParentRunner$1.schedule(ParentRunner.java:71) [junit-4.12.jar:4.12]
	at org.junit.runners.ParentRunner.runChildren(ParentRunner.java:288) [junit-4.12.jar:4.12]
	at org.junit.runners.ParentRunner.access$000(ParentRunner.java:58) [junit-4.12.jar:4.12]
	at org.junit.runners.ParentRunner$2.evaluate(ParentRunner.java:268) [junit-4.12.jar:4.12]
	at org.junit.runners.ParentRunner.run(ParentRunner.java:363) [junit-4.12.jar:4.12]
	at org.junit.runner.JUnitCore.run(JUnitCore.java:137) [junit-4.12.jar:4.12]
	at com.intellij.junit4.JUnit4IdeaTestRunner.startRunnerWithArgs(JUnit4IdeaTestRunner.java:68) [junit-rt.jar:na]
	at com.intellij.rt.execution.junit.IdeaTestRunner$Repeater.startRunnerWithArgs(IdeaTestRunner.java:47) [junit-rt.jar:na]
	at com.intellij.rt.execution.junit.JUnitStarter.prepareStreamsAndStart(JUnitStarter.java:242) [junit-rt.jar:na]
	at com.intellij.rt.execution.junit.JUnitStarter.main(JUnitStarter.java:70) [junit-rt.jar:na]
2018/09/06-09:20:45 [main] ERROR c.a.e.cache.manager.FileLoaderImpl - null这个路径文件没有找到,请查询
2018/09/06-09:20:45 [main] ERROR cn.afterturn.easypoi.cache.WordCache - CacheLoader returned null for key cn/afterturn/easypoi/test/word/doc/Image.docx.
com.google.common.cache.CacheLoader$InvalidCacheLoadException: CacheLoader returned null for key cn/afterturn/easypoi/test/word/doc/Image.docx.
	at com.google.common.cache.LocalCache$Segment.getAndRecordStats(LocalCache.java:2348) ~[guava-16.0.1.jar:na]
	at com.google.common.cache.LocalCache$Segment.loadSync(LocalCache.java:2318) ~[guava-16.0.1.jar:na]
	at com.google.common.cache.LocalCache$Segment.lockedGetOrLoad(LocalCache.java:2280) ~[guava-16.0.1.jar:na]
	at com.google.common.cache.LocalCache$Segment.get(LocalCache.java:2195) ~[guava-16.0.1.jar:na]
	at com.google.common.cache.LocalCache.get(LocalCache.java:3934) ~[guava-16.0.1.jar:na]
	at com.google.common.cache.LocalCache.getOrLoad(LocalCache.java:3938) ~[guava-16.0.1.jar:na]
	at com.google.common.cache.LocalCache$LocalLoadingCache.get(LocalCache.java:4821) ~[guava-16.0.1.jar:na]
	at cn.afterturn.easypoi.cache.manager.POICacheManager.getFile(POICacheManager.java:68) ~[easypoi-base-3.0.3.jar:na]
	at cn.afterturn.easypoi.cache.WordCache.getXWPFDocumen(WordCache.java:39) ~[easypoi-base-3.0.3.jar:na]
	at cn.afterturn.easypoi.word.parse.ParseWord07.parseWord(ParseWord07.java:241) [easypoi-base-3.0.3.jar:na]
	at cn.afterturn.easypoi.word.WordExportUtil.exportWord07(WordExportUtil.java:47) [easypoi-base-3.0.3.jar:na]
	at com.cj.junit.TimeTest.imageWordExport(TimeTest.java:38) [classes/:na]
	at sun.reflect.NativeMethodAccessorImpl.invoke0(Native Method) ~[na:1.8.0_144]
	at sun.reflect.NativeMethodAccessorImpl.invoke(NativeMethodAccessorImpl.java:62) ~[na:1.8.0_144]
	at sun.reflect.DelegatingMethodAccessorImpl.invoke(DelegatingMethodAccessorImpl.java:43) ~[na:1.8.0_144]
	at java.lang.reflect.Method.invoke(Method.java:498) ~[na:1.8.0_144]
	at org.junit.runners.model.FrameworkMethod$1.runReflectiveCall(FrameworkMethod.java:50) [junit-4.12.jar:4.12]
	at org.junit.internal.runners.model.ReflectiveCallable.run(ReflectiveCallable.java:12) [junit-4.12.jar:4.12]
	at org.junit.runners.model.FrameworkMethod.invokeExplosively(FrameworkMethod.java:47) [junit-4.12.jar:4.12]
	at org.junit.internal.runners.statements.InvokeMethod.evaluate(InvokeMethod.java:17) [junit-4.12.jar:4.12]
	at org.junit.runners.ParentRunner.runLeaf(ParentRunner.java:325) [junit-4.12.jar:4.12]
	at org.junit.runners.BlockJUnit4ClassRunner.runChild(BlockJUnit4ClassRunner.java:78) [junit-4.12.jar:4.12]
	at org.junit.runners.BlockJUnit4ClassRunner.runChild(BlockJUnit4ClassRunner.java:57) [junit-4.12.jar:4.12]
	at org.junit.runners.ParentRunner$3.run(ParentRunner.java:290) [junit-4.12.jar:4.12]
	at org.junit.runners.ParentRunner$1.schedule(ParentRunner.java:71) [junit-4.12.jar:4.12]
	at org.junit.runners.ParentRunner.runChildren(ParentRunner.java:288) [junit-4.12.jar:4.12]
	at org.junit.runners.ParentRunner.access$000(ParentRunner.java:58) [junit-4.12.jar:4.12]
	at org.junit.runners.ParentRunner$2.evaluate(ParentRunner.java:268) [junit-4.12.jar:4.12]
	at org.junit.runners.ParentRunner.run(ParentRunner.java:363) [junit-4.12.jar:4.12]
	at org.junit.runner.JUnitCore.run(JUnitCore.java:137) [junit-4.12.jar:4.12]
	at com.intellij.junit4.JUnit4IdeaTestRunner.startRunnerWithArgs(JUnit4IdeaTestRunner.java:68) [junit-rt.jar:na]
	at com.intellij.rt.execution.junit.IdeaTestRunner$Repeater.startRunnerWithArgs(IdeaTestRunner.java:47) [junit-rt.jar:na]
	at com.intellij.rt.execution.junit.JUnitStarter.prepareStreamsAndStart(JUnitStarter.java:242) [junit-rt.jar:na]
	at com.intellij.rt.execution.junit.JUnitStarter.main(JUnitStarter.java:70) [junit-rt.jar:na]
2018/09/06-09:20:45 [main] ERROR cn.afterturn.easypoi.cache.WordCache - null
java.lang.NullPointerException: null
	at cn.afterturn.easypoi.cache.WordCache.getXWPFDocumen(WordCache.java:46) ~[easypoi-base-3.0.3.jar:na]
	at cn.afterturn.easypoi.word.parse.ParseWord07.parseWord(ParseWord07.java:241) [easypoi-base-3.0.3.jar:na]
	at cn.afterturn.easypoi.word.WordExportUtil.exportWord07(WordExportUtil.java:47) [easypoi-base-3.0.3.jar:na]
	at com.cj.junit.TimeTest.imageWordExport(TimeTest.java:38) [classes/:na]
	at sun.reflect.NativeMethodAccessorImpl.invoke0(Native Method) ~[na:1.8.0_144]
	at sun.reflect.NativeMethodAccessorImpl.invoke(NativeMethodAccessorImpl.java:62) ~[na:1.8.0_144]
	at sun.reflect.DelegatingMethodAccessorImpl.invoke(DelegatingMethodAccessorImpl.java:43) ~[na:1.8.0_144]
	at java.lang.reflect.Method.invoke(Method.java:498) ~[na:1.8.0_144]
	at org.junit.runners.model.FrameworkMethod$1.runReflectiveCall(FrameworkMethod.java:50) [junit-4.12.jar:4.12]
	at org.junit.internal.runners.model.ReflectiveCallable.run(ReflectiveCallable.java:12) [junit-4.12.jar:4.12]
	at org.junit.runners.model.FrameworkMethod.invokeExplosively(FrameworkMethod.java:47) [junit-4.12.jar:4.12]
	at org.junit.internal.runners.statements.InvokeMethod.evaluate(InvokeMethod.java:17) [junit-4.12.jar:4.12]
	at org.junit.runners.ParentRunner.runLeaf(ParentRunner.java:325) [junit-4.12.jar:4.12]
	at org.junit.runners.BlockJUnit4ClassRunner.runChild(BlockJUnit4ClassRunner.java:78) [junit-4.12.jar:4.12]
	at org.junit.runners.BlockJUnit4ClassRunner.runChild(BlockJUnit4ClassRunner.java:57) [junit-4.12.jar:4.12]
	at org.junit.runners.ParentRunner$3.run(ParentRunner.java:290) [junit-4.12.jar:4.12]
	at org.junit.runners.ParentRunner$1.schedule(ParentRunner.java:71) [junit-4.12.jar:4.12]
	at org.junit.runners.ParentRunner.runChildren(ParentRunner.java:288) [junit-4.12.jar:4.12]
	at org.junit.runners.ParentRunner.access$000(ParentRunner.java:58) [junit-4.12.jar:4.12]
	at org.junit.runners.ParentRunner$2.evaluate(ParentRunner.java:268) [junit-4.12.jar:4.12]
	at org.junit.runners.ParentRunner.run(ParentRunner.java:363) [junit-4.12.jar:4.12]
	at org.junit.runner.JUnitCore.run(JUnitCore.java:137) [junit-4.12.jar:4.12]
	at com.intellij.junit4.JUnit4IdeaTestRunner.startRunnerWithArgs(JUnit4IdeaTestRunner.java:68) [junit-rt.jar:na]
	at com.intellij.rt.execution.junit.IdeaTestRunner$Repeater.startRunnerWithArgs(IdeaTestRunner.java:47) [junit-rt.jar:na]
	at com.intellij.rt.execution.junit.JUnitStarter.prepareStreamsAndStart(JUnitStarter.java:242) [junit-rt.jar:na]
	at com.intellij.rt.execution.junit.JUnitStarter.main(JUnitStarter.java:70) [junit-rt.jar:na]
2018/09/06-09:22:57 [main] ERROR cn.afterturn.easypoi.cache.WordCache - org.apache.poi.openxml4j.exceptions.InvalidFormatException: Package should contain a content type part [M1.13]
org.apache.poi.POIXMLException: org.apache.poi.openxml4j.exceptions.InvalidFormatException: Package should contain a content type part [M1.13]
	at org.apache.poi.util.PackageHelper.open(PackageHelper.java:41) ~[poi-ooxml-3.8.jar:3.8]
	at org.apache.poi.xwpf.usermodel.XWPFDocument.<init>(XWPFDocument.java:120) ~[poi-ooxml-3.8.jar:3.8]
	at cn.afterturn.easypoi.word.entity.MyXWPFDocument.<init>(MyXWPFDocument.java:68) ~[easypoi-base-3.0.3.jar:na]
	at cn.afterturn.easypoi.cache.WordCache.getXWPFDocumen(WordCache.java:40) ~[easypoi-base-3.0.3.jar:na]
	at cn.afterturn.easypoi.word.parse.ParseWord07.parseWord(ParseWord07.java:241) [easypoi-base-3.0.3.jar:na]
	at cn.afterturn.easypoi.word.WordExportUtil.exportWord07(WordExportUtil.java:47) [easypoi-base-3.0.3.jar:na]
	at com.cj.junit.TimeTest.imageWordExport(TimeTest.java:38) [classes/:na]
	at sun.reflect.NativeMethodAccessorImpl.invoke0(Native Method) ~[na:1.8.0_144]
	at sun.reflect.NativeMethodAccessorImpl.invoke(NativeMethodAccessorImpl.java:62) ~[na:1.8.0_144]
	at sun.reflect.DelegatingMethodAccessorImpl.invoke(DelegatingMethodAccessorImpl.java:43) ~[na:1.8.0_144]
	at java.lang.reflect.Method.invoke(Method.java:498) ~[na:1.8.0_144]
	at org.junit.runners.model.FrameworkMethod$1.runReflectiveCall(FrameworkMethod.java:50) [junit-4.12.jar:4.12]
	at org.junit.internal.runners.model.ReflectiveCallable.run(ReflectiveCallable.java:12) [junit-4.12.jar:4.12]
	at org.junit.runners.model.FrameworkMethod.invokeExplosively(FrameworkMethod.java:47) [junit-4.12.jar:4.12]
	at org.junit.internal.runners.statements.InvokeMethod.evaluate(InvokeMethod.java:17) [junit-4.12.jar:4.12]
	at org.junit.runners.ParentRunner.runLeaf(ParentRunner.java:325) [junit-4.12.jar:4.12]
	at org.junit.runners.BlockJUnit4ClassRunner.runChild(BlockJUnit4ClassRunner.java:78) [junit-4.12.jar:4.12]
	at org.junit.runners.BlockJUnit4ClassRunner.runChild(BlockJUnit4ClassRunner.java:57) [junit-4.12.jar:4.12]
	at org.junit.runners.ParentRunner$3.run(ParentRunner.java:290) [junit-4.12.jar:4.12]
	at org.junit.runners.ParentRunner$1.schedule(ParentRunner.java:71) [junit-4.12.jar:4.12]
	at org.junit.runners.ParentRunner.runChildren(ParentRunner.java:288) [junit-4.12.jar:4.12]
	at org.junit.runners.ParentRunner.access$000(ParentRunner.java:58) [junit-4.12.jar:4.12]
	at org.junit.runners.ParentRunner$2.evaluate(ParentRunner.java:268) [junit-4.12.jar:4.12]
	at org.junit.runners.ParentRunner.run(ParentRunner.java:363) [junit-4.12.jar:4.12]
	at org.junit.runner.JUnitCore.run(JUnitCore.java:137) [junit-4.12.jar:4.12]
	at com.intellij.junit4.JUnit4IdeaTestRunner.startRunnerWithArgs(JUnit4IdeaTestRunner.java:68) [junit-rt.jar:na]
	at com.intellij.rt.execution.junit.IdeaTestRunner$Repeater.startRunnerWithArgs(IdeaTestRunner.java:47) [junit-rt.jar:na]
	at com.intellij.rt.execution.junit.JUnitStarter.prepareStreamsAndStart(JUnitStarter.java:242) [junit-rt.jar:na]
	at com.intellij.rt.execution.junit.JUnitStarter.main(JUnitStarter.java:70) [junit-rt.jar:na]
Caused by: org.apache.poi.openxml4j.exceptions.InvalidFormatException: Package should contain a content type part [M1.13]
	at org.apache.poi.openxml4j.opc.ZipPackage.getPartsImpl(ZipPackage.java:148) ~[poi-ooxml-3.8.jar:3.8]
	at org.apache.poi.openxml4j.opc.OPCPackage.getParts(OPCPackage.java:623) ~[poi-ooxml-3.8.jar:3.8]
	at org.apache.poi.openxml4j.opc.OPCPackage.open(OPCPackage.java:230) ~[poi-ooxml-3.8.jar:3.8]
	at org.apache.poi.util.PackageHelper.open(PackageHelper.java:39) ~[poi-ooxml-3.8.jar:3.8]
	... 28 common frames omitted
2018/09/06-09:27:31 [main] ERROR c.a.e.cache.manager.FileLoaderImpl - E:\ideaproject\demomybatis\target\test-classes\word\SimpleExcel.docx (系统找不到指定的路径。)
java.io.FileNotFoundException: E:\ideaproject\demomybatis\target\test-classes\word\SimpleExcel.docx (系统找不到指定的路径。)
	at java.io.FileInputStream.open0(Native Method) ~[na:1.8.0_144]
	at java.io.FileInputStream.open(FileInputStream.java:195) ~[na:1.8.0_144]
	at java.io.FileInputStream.<init>(FileInputStream.java:138) ~[na:1.8.0_144]
	at java.io.FileInputStream.<init>(FileInputStream.java:93) ~[na:1.8.0_144]
	at cn.afterturn.easypoi.cache.manager.FileLoaderImpl.getFile(FileLoaderImpl.java:54) ~[easypoi-base-3.0.3.jar:na]
	at cn.afterturn.easypoi.cache.manager.POICacheManager$1.load(POICacheManager.java:58) [easypoi-base-3.0.3.jar:na]
	at cn.afterturn.easypoi.cache.manager.POICacheManager$1.load(POICacheManager.java:52) [easypoi-base-3.0.3.jar:na]
	at com.google.common.cache.LocalCache$LoadingValueReference.loadFuture(LocalCache.java:3524) [guava-16.0.1.jar:na]
	at com.google.common.cache.LocalCache$Segment.loadSync(LocalCache.java:2317) [guava-16.0.1.jar:na]
	at com.google.common.cache.LocalCache$Segment.lockedGetOrLoad(LocalCache.java:2280) [guava-16.0.1.jar:na]
	at com.google.common.cache.LocalCache$Segment.get(LocalCache.java:2195) [guava-16.0.1.jar:na]
	at com.google.common.cache.LocalCache.get(LocalCache.java:3934) [guava-16.0.1.jar:na]
	at com.google.common.cache.LocalCache.getOrLoad(LocalCache.java:3938) [guava-16.0.1.jar:na]
	at com.google.common.cache.LocalCache$LocalLoadingCache.get(LocalCache.java:4821) [guava-16.0.1.jar:na]
	at cn.afterturn.easypoi.cache.manager.POICacheManager.getFile(POICacheManager.java:68) [easypoi-base-3.0.3.jar:na]
	at cn.afterturn.easypoi.cache.WordCache.getXWPFDocumen(WordCache.java:39) [easypoi-base-3.0.3.jar:na]
	at cn.afterturn.easypoi.word.parse.ParseWord07.parseWord(ParseWord07.java:241) [easypoi-base-3.0.3.jar:na]
	at cn.afterturn.easypoi.word.WordExportUtil.exportWord07(WordExportUtil.java:47) [easypoi-base-3.0.3.jar:na]
	at com.cj.junit.TimeTest.SimpleWordExport(TimeTest.java:63) [classes/:na]
	at sun.reflect.NativeMethodAccessorImpl.invoke0(Native Method) ~[na:1.8.0_144]
	at sun.reflect.NativeMethodAccessorImpl.invoke(NativeMethodAccessorImpl.java:62) ~[na:1.8.0_144]
	at sun.reflect.DelegatingMethodAccessorImpl.invoke(DelegatingMethodAccessorImpl.java:43) ~[na:1.8.0_144]
	at java.lang.reflect.Method.invoke(Method.java:498) ~[na:1.8.0_144]
	at org.junit.runners.model.FrameworkMethod$1.runReflectiveCall(FrameworkMethod.java:50) [junit-4.12.jar:4.12]
	at org.junit.internal.runners.model.ReflectiveCallable.run(ReflectiveCallable.java:12) [junit-4.12.jar:4.12]
	at org.junit.runners.model.FrameworkMethod.invokeExplosively(FrameworkMethod.java:47) [junit-4.12.jar:4.12]
	at org.junit.internal.runners.statements.InvokeMethod.evaluate(InvokeMethod.java:17) [junit-4.12.jar:4.12]
	at org.junit.runners.ParentRunner.runLeaf(ParentRunner.java:325) [junit-4.12.jar:4.12]
	at org.junit.runners.BlockJUnit4ClassRunner.runChild(BlockJUnit4ClassRunner.java:78) [junit-4.12.jar:4.12]
	at org.junit.runners.BlockJUnit4ClassRunner.runChild(BlockJUnit4ClassRunner.java:57) [junit-4.12.jar:4.12]
	at org.junit.runners.ParentRunner$3.run(ParentRunner.java:290) [junit-4.12.jar:4.12]
	at org.junit.runners.ParentRunner$1.schedule(ParentRunner.java:71) [junit-4.12.jar:4.12]
	at org.junit.runners.ParentRunner.runChildren(ParentRunner.java:288) [junit-4.12.jar:4.12]
	at org.junit.runners.ParentRunner.access$000(ParentRunner.java:58) [junit-4.12.jar:4.12]
	at org.junit.runners.ParentRunner$2.evaluate(ParentRunner.java:268) [junit-4.12.jar:4.12]
	at org.junit.runners.ParentRunner.run(ParentRunner.java:363) [junit-4.12.jar:4.12]
	at org.junit.runner.JUnitCore.run(JUnitCore.java:137) [junit-4.12.jar:4.12]
	at com.intellij.junit4.JUnit4IdeaTestRunner.startRunnerWithArgs(JUnit4IdeaTestRunner.java:68) [junit-rt.jar:na]
	at com.intellij.rt.execution.junit.IdeaTestRunner$Repeater.startRunnerWithArgs(IdeaTestRunner.java:47) [junit-rt.jar:na]
	at com.intellij.rt.execution.junit.JUnitStarter.prepareStreamsAndStart(JUnitStarter.java:242) [junit-rt.jar:na]
	at com.intellij.rt.execution.junit.JUnitStarter.main(JUnitStarter.java:70) [junit-rt.jar:na]
2018/09/06-09:27:31 [main] ERROR c.a.e.cache.manager.FileLoaderImpl - null这个路径文件没有找到,请查询
2018/09/06-09:27:31 [main] ERROR cn.afterturn.easypoi.cache.WordCache - CacheLoader returned null for key word/SimpleExcel.docx.
com.google.common.cache.CacheLoader$InvalidCacheLoadException: CacheLoader returned null for key word/SimpleExcel.docx.
	at com.google.common.cache.LocalCache$Segment.getAndRecordStats(LocalCache.java:2348) ~[guava-16.0.1.jar:na]
	at com.google.common.cache.LocalCache$Segment.loadSync(LocalCache.java:2318) ~[guava-16.0.1.jar:na]
	at com.google.common.cache.LocalCache$Segment.lockedGetOrLoad(LocalCache.java:2280) ~[guava-16.0.1.jar:na]
	at com.google.common.cache.LocalCache$Segment.get(LocalCache.java:2195) ~[guava-16.0.1.jar:na]
	at com.google.common.cache.LocalCache.get(LocalCache.java:3934) ~[guava-16.0.1.jar:na]
	at com.google.common.cache.LocalCache.getOrLoad(LocalCache.java:3938) ~[guava-16.0.1.jar:na]
	at com.google.common.cache.LocalCache$LocalLoadingCache.get(LocalCache.java:4821) ~[guava-16.0.1.jar:na]
	at cn.afterturn.easypoi.cache.manager.POICacheManager.getFile(POICacheManager.java:68) ~[easypoi-base-3.0.3.jar:na]
	at cn.afterturn.easypoi.cache.WordCache.getXWPFDocumen(WordCache.java:39) ~[easypoi-base-3.0.3.jar:na]
	at cn.afterturn.easypoi.word.parse.ParseWord07.parseWord(ParseWord07.java:241) [easypoi-base-3.0.3.jar:na]
	at cn.afterturn.easypoi.word.WordExportUtil.exportWord07(WordExportUtil.java:47) [easypoi-base-3.0.3.jar:na]
	at com.cj.junit.TimeTest.SimpleWordExport(TimeTest.java:63) [classes/:na]
	at sun.reflect.NativeMethodAccessorImpl.invoke0(Native Method) ~[na:1.8.0_144]
	at sun.reflect.NativeMethodAccessorImpl.invoke(NativeMethodAccessorImpl.java:62) ~[na:1.8.0_144]
	at sun.reflect.DelegatingMethodAccessorImpl.invoke(DelegatingMethodAccessorImpl.java:43) ~[na:1.8.0_144]
	at java.lang.reflect.Method.invoke(Method.java:498) ~[na:1.8.0_144]
	at org.junit.runners.model.FrameworkMethod$1.runReflectiveCall(FrameworkMethod.java:50) [junit-4.12.jar:4.12]
	at org.junit.internal.runners.model.ReflectiveCallable.run(ReflectiveCallable.java:12) [junit-4.12.jar:4.12]
	at org.junit.runners.model.FrameworkMethod.invokeExplosively(FrameworkMethod.java:47) [junit-4.12.jar:4.12]
	at org.junit.internal.runners.statements.InvokeMethod.evaluate(InvokeMethod.java:17) [junit-4.12.jar:4.12]
	at org.junit.runners.ParentRunner.runLeaf(ParentRunner.java:325) [junit-4.12.jar:4.12]
	at org.junit.runners.BlockJUnit4ClassRunner.runChild(BlockJUnit4ClassRunner.java:78) [junit-4.12.jar:4.12]
	at org.junit.runners.BlockJUnit4ClassRunner.runChild(BlockJUnit4ClassRunner.java:57) [junit-4.12.jar:4.12]
	at org.junit.runners.ParentRunner$3.run(ParentRunner.java:290) [junit-4.12.jar:4.12]
	at org.junit.runners.ParentRunner$1.schedule(ParentRunner.java:71) [junit-4.12.jar:4.12]
	at org.junit.runners.ParentRunner.runChildren(ParentRunner.java:288) [junit-4.12.jar:4.12]
	at org.junit.runners.ParentRunner.access$000(ParentRunner.java:58) [junit-4.12.jar:4.12]
	at org.junit.runners.ParentRunner$2.evaluate(ParentRunner.java:268) [junit-4.12.jar:4.12]
	at org.junit.runners.ParentRunner.run(ParentRunner.java:363) [junit-4.12.jar:4.12]
	at org.junit.runner.JUnitCore.run(JUnitCore.java:137) [junit-4.12.jar:4.12]
	at com.intellij.junit4.JUnit4IdeaTestRunner.startRunnerWithArgs(JUnit4IdeaTestRunner.java:68) [junit-rt.jar:na]
	at com.intellij.rt.execution.junit.IdeaTestRunner$Repeater.startRunnerWithArgs(IdeaTestRunner.java:47) [junit-rt.jar:na]
	at com.intellij.rt.execution.junit.JUnitStarter.prepareStreamsAndStart(JUnitStarter.java:242) [junit-rt.jar:na]
	at com.intellij.rt.execution.junit.JUnitStarter.main(JUnitStarter.java:70) [junit-rt.jar:na]
2018/09/06-09:27:31 [main] ERROR cn.afterturn.easypoi.cache.WordCache - null
java.lang.NullPointerException: null
	at cn.afterturn.easypoi.cache.WordCache.getXWPFDocumen(WordCache.java:46) ~[easypoi-base-3.0.3.jar:na]
	at cn.afterturn.easypoi.word.parse.ParseWord07.parseWord(ParseWord07.java:241) [easypoi-base-3.0.3.jar:na]
	at cn.afterturn.easypoi.word.WordExportUtil.exportWord07(WordExportUtil.java:47) [easypoi-base-3.0.3.jar:na]
	at com.cj.junit.TimeTest.SimpleWordExport(TimeTest.java:63) [classes/:na]
	at sun.reflect.NativeMethodAccessorImpl.invoke0(Native Method) ~[na:1.8.0_144]
	at sun.reflect.NativeMethodAccessorImpl.invoke(NativeMethodAccessorImpl.java:62) ~[na:1.8.0_144]
	at sun.reflect.DelegatingMethodAccessorImpl.invoke(DelegatingMethodAccessorImpl.java:43) ~[na:1.8.0_144]
	at java.lang.reflect.Method.invoke(Method.java:498) ~[na:1.8.0_144]
	at org.junit.runners.model.FrameworkMethod$1.runReflectiveCall(FrameworkMethod.java:50) [junit-4.12.jar:4.12]
	at org.junit.internal.runners.model.ReflectiveCallable.run(ReflectiveCallable.java:12) [junit-4.12.jar:4.12]
	at org.junit.runners.model.FrameworkMethod.invokeExplosively(FrameworkMethod.java:47) [junit-4.12.jar:4.12]
	at org.junit.internal.runners.statements.InvokeMethod.evaluate(InvokeMethod.java:17) [junit-4.12.jar:4.12]
	at org.junit.runners.ParentRunner.runLeaf(ParentRunner.java:325) [junit-4.12.jar:4.12]
	at org.junit.runners.BlockJUnit4ClassRunner.runChild(BlockJUnit4ClassRunner.java:78) [junit-4.12.jar:4.12]
	at org.junit.runners.BlockJUnit4ClassRunner.runChild(BlockJUnit4ClassRunner.java:57) [junit-4.12.jar:4.12]
	at org.junit.runners.ParentRunner$3.run(ParentRunner.java:290) [junit-4.12.jar:4.12]
	at org.junit.runners.ParentRunner$1.schedule(ParentRunner.java:71) [junit-4.12.jar:4.12]
	at org.junit.runners.ParentRunner.runChildren(ParentRunner.java:288) [junit-4.12.jar:4.12]
	at org.junit.runners.ParentRunner.access$000(ParentRunner.java:58) [junit-4.12.jar:4.12]
	at org.junit.runners.ParentRunner$2.evaluate(ParentRunner.java:268) [junit-4.12.jar:4.12]
	at org.junit.runners.ParentRunner.run(ParentRunner.java:363) [junit-4.12.jar:4.12]
	at org.junit.runner.JUnitCore.run(JUnitCore.java:137) [junit-4.12.jar:4.12]
	at com.intellij.junit4.JUnit4IdeaTestRunner.startRunnerWithArgs(JUnit4IdeaTestRunner.java:68) [junit-rt.jar:na]
	at com.intellij.rt.execution.junit.IdeaTestRunner$Repeater.startRunnerWithArgs(IdeaTestRunner.java:47) [junit-rt.jar:na]
	at com.intellij.rt.execution.junit.JUnitStarter.prepareStreamsAndStart(JUnitStarter.java:242) [junit-rt.jar:na]
	at com.intellij.rt.execution.junit.JUnitStarter.main(JUnitStarter.java:70) [junit-rt.jar:na]
2018/09/06-09:51:26 [main] ERROR c.a.e.cache.manager.FileLoaderImpl - E:\ideaproject\demomybatis\target\test-classes\word\SimpleExcel.docx (系统找不到指定的路径。)
java.io.FileNotFoundException: E:\ideaproject\demomybatis\target\test-classes\word\SimpleExcel.docx (系统找不到指定的路径。)
	at java.io.FileInputStream.open0(Native Method) ~[na:1.8.0_144]
	at java.io.FileInputStream.open(FileInputStream.java:195) ~[na:1.8.0_144]
	at java.io.FileInputStream.<init>(FileInputStream.java:138) ~[na:1.8.0_144]
	at java.io.FileInputStream.<init>(FileInputStream.java:93) ~[na:1.8.0_144]
	at cn.afterturn.easypoi.cache.manager.FileLoaderImpl.getFile(FileLoaderImpl.java:54) ~[easypoi-base-3.0.3.jar:na]
	at cn.afterturn.easypoi.cache.manager.POICacheManager$1.load(POICacheManager.java:58) [easypoi-base-3.0.3.jar:na]
	at cn.afterturn.easypoi.cache.manager.POICacheManager$1.load(POICacheManager.java:52) [easypoi-base-3.0.3.jar:na]
	at com.google.common.cache.LocalCache$LoadingValueReference.loadFuture(LocalCache.java:3524) [guava-16.0.1.jar:na]
	at com.google.common.cache.LocalCache$Segment.loadSync(LocalCache.java:2317) [guava-16.0.1.jar:na]
	at com.google.common.cache.LocalCache$Segment.lockedGetOrLoad(LocalCache.java:2280) [guava-16.0.1.jar:na]
	at com.google.common.cache.LocalCache$Segment.get(LocalCache.java:2195) [guava-16.0.1.jar:na]
	at com.google.common.cache.LocalCache.get(LocalCache.java:3934) [guava-16.0.1.jar:na]
	at com.google.common.cache.LocalCache.getOrLoad(LocalCache.java:3938) [guava-16.0.1.jar:na]
	at com.google.common.cache.LocalCache$LocalLoadingCache.get(LocalCache.java:4821) [guava-16.0.1.jar:na]
	at cn.afterturn.easypoi.cache.manager.POICacheManager.getFile(POICacheManager.java:68) [easypoi-base-3.0.3.jar:na]
	at cn.afterturn.easypoi.cache.WordCache.getXWPFDocumen(WordCache.java:39) [easypoi-base-3.0.3.jar:na]
	at cn.afterturn.easypoi.word.parse.ParseWord07.parseWord(ParseWord07.java:241) [easypoi-base-3.0.3.jar:na]
	at cn.afterturn.easypoi.word.WordExportUtil.exportWord07(WordExportUtil.java:47) [easypoi-base-3.0.3.jar:na]
	at com.cj.junit.TimeTest.SimpleWordExport(TimeTest.java:63) [classes/:na]
	at sun.reflect.NativeMethodAccessorImpl.invoke0(Native Method) ~[na:1.8.0_144]
	at sun.reflect.NativeMethodAccessorImpl.invoke(NativeMethodAccessorImpl.java:62) ~[na:1.8.0_144]
	at sun.reflect.DelegatingMethodAccessorImpl.invoke(DelegatingMethodAccessorImpl.java:43) ~[na:1.8.0_144]
	at java.lang.reflect.Method.invoke(Method.java:498) ~[na:1.8.0_144]
	at org.junit.runners.model.FrameworkMethod$1.runReflectiveCall(FrameworkMethod.java:50) [junit-4.12.jar:4.12]
	at org.junit.internal.runners.model.ReflectiveCallable.run(ReflectiveCallable.java:12) [junit-4.12.jar:4.12]
	at org.junit.runners.model.FrameworkMethod.invokeExplosively(FrameworkMethod.java:47) [junit-4.12.jar:4.12]
	at org.junit.internal.runners.statements.InvokeMethod.evaluate(InvokeMethod.java:17) [junit-4.12.jar:4.12]
	at org.junit.runners.ParentRunner.runLeaf(ParentRunner.java:325) [junit-4.12.jar:4.12]
	at org.junit.runners.BlockJUnit4ClassRunner.runChild(BlockJUnit4ClassRunner.java:78) [junit-4.12.jar:4.12]
	at org.junit.runners.BlockJUnit4ClassRunner.runChild(BlockJUnit4ClassRunner.java:57) [junit-4.12.jar:4.12]
	at org.junit.runners.ParentRunner$3.run(ParentRunner.java:290) [junit-4.12.jar:4.12]
	at org.junit.runners.ParentRunner$1.schedule(ParentRunner.java:71) [junit-4.12.jar:4.12]
	at org.junit.runners.ParentRunner.runChildren(ParentRunner.java:288) [junit-4.12.jar:4.12]
	at org.junit.runners.ParentRunner.access$000(ParentRunner.java:58) [junit-4.12.jar:4.12]
	at org.junit.runners.ParentRunner$2.evaluate(ParentRunner.java:268) [junit-4.12.jar:4.12]
	at org.junit.runners.ParentRunner.run(ParentRunner.java:363) [junit-4.12.jar:4.12]
	at org.junit.runner.JUnitCore.run(JUnitCore.java:137) [junit-4.12.jar:4.12]
	at com.intellij.junit4.JUnit4IdeaTestRunner.startRunnerWithArgs(JUnit4IdeaTestRunner.java:68) [junit-rt.jar:na]
	at com.intellij.rt.execution.junit.IdeaTestRunner$Repeater.startRunnerWithArgs(IdeaTestRunner.java:47) [junit-rt.jar:na]
	at com.intellij.rt.execution.junit.JUnitStarter.prepareStreamsAndStart(JUnitStarter.java:242) [junit-rt.jar:na]
	at com.intellij.rt.execution.junit.JUnitStarter.main(JUnitStarter.java:70) [junit-rt.jar:na]
2018/09/06-09:51:26 [main] ERROR c.a.e.cache.manager.FileLoaderImpl - null这个路径文件没有找到,请查询
2018/09/06-09:51:26 [main] ERROR cn.afterturn.easypoi.cache.WordCache - CacheLoader returned null for key word/SimpleExcel.docx.
com.google.common.cache.CacheLoader$InvalidCacheLoadException: CacheLoader returned null for key word/SimpleExcel.docx.
	at com.google.common.cache.LocalCache$Segment.getAndRecordStats(LocalCache.java:2348) ~[guava-16.0.1.jar:na]
	at com.google.common.cache.LocalCache$Segment.loadSync(LocalCache.java:2318) ~[guava-16.0.1.jar:na]
	at com.google.common.cache.LocalCache$Segment.lockedGetOrLoad(LocalCache.java:2280) ~[guava-16.0.1.jar:na]
	at com.google.common.cache.LocalCache$Segment.get(LocalCache.java:2195) ~[guava-16.0.1.jar:na]
	at com.google.common.cache.LocalCache.get(LocalCache.java:3934) ~[guava-16.0.1.jar:na]
	at com.google.common.cache.LocalCache.getOrLoad(LocalCache.java:3938) ~[guava-16.0.1.jar:na]
	at com.google.common.cache.LocalCache$LocalLoadingCache.get(LocalCache.java:4821) ~[guava-16.0.1.jar:na]
	at cn.afterturn.easypoi.cache.manager.POICacheManager.getFile(POICacheManager.java:68) ~[easypoi-base-3.0.3.jar:na]
	at cn.afterturn.easypoi.cache.WordCache.getXWPFDocumen(WordCache.java:39) ~[easypoi-base-3.0.3.jar:na]
	at cn.afterturn.easypoi.word.parse.ParseWord07.parseWord(ParseWord07.java:241) [easypoi-base-3.0.3.jar:na]
	at cn.afterturn.easypoi.word.WordExportUtil.exportWord07(WordExportUtil.java:47) [easypoi-base-3.0.3.jar:na]
	at com.cj.junit.TimeTest.SimpleWordExport(TimeTest.java:63) [classes/:na]
	at sun.reflect.NativeMethodAccessorImpl.invoke0(Native Method) ~[na:1.8.0_144]
	at sun.reflect.NativeMethodAccessorImpl.invoke(NativeMethodAccessorImpl.java:62) ~[na:1.8.0_144]
	at sun.reflect.DelegatingMethodAccessorImpl.invoke(DelegatingMethodAccessorImpl.java:43) ~[na:1.8.0_144]
	at java.lang.reflect.Method.invoke(Method.java:498) ~[na:1.8.0_144]
	at org.junit.runners.model.FrameworkMethod$1.runReflectiveCall(FrameworkMethod.java:50) [junit-4.12.jar:4.12]
	at org.junit.internal.runners.model.ReflectiveCallable.run(ReflectiveCallable.java:12) [junit-4.12.jar:4.12]
	at org.junit.runners.model.FrameworkMethod.invokeExplosively(FrameworkMethod.java:47) [junit-4.12.jar:4.12]
	at org.junit.internal.runners.statements.InvokeMethod.evaluate(InvokeMethod.java:17) [junit-4.12.jar:4.12]
	at org.junit.runners.ParentRunner.runLeaf(ParentRunner.java:325) [junit-4.12.jar:4.12]
	at org.junit.runners.BlockJUnit4ClassRunner.runChild(BlockJUnit4ClassRunner.java:78) [junit-4.12.jar:4.12]
	at org.junit.runners.BlockJUnit4ClassRunner.runChild(BlockJUnit4ClassRunner.java:57) [junit-4.12.jar:4.12]
	at org.junit.runners.ParentRunner$3.run(ParentRunner.java:290) [junit-4.12.jar:4.12]
	at org.junit.runners.ParentRunner$1.schedule(ParentRunner.java:71) [junit-4.12.jar:4.12]
	at org.junit.runners.ParentRunner.runChildren(ParentRunner.java:288) [junit-4.12.jar:4.12]
	at org.junit.runners.ParentRunner.access$000(ParentRunner.java:58) [junit-4.12.jar:4.12]
	at org.junit.runners.ParentRunner$2.evaluate(ParentRunner.java:268) [junit-4.12.jar:4.12]
	at org.junit.runners.ParentRunner.run(ParentRunner.java:363) [junit-4.12.jar:4.12]
	at org.junit.runner.JUnitCore.run(JUnitCore.java:137) [junit-4.12.jar:4.12]
	at com.intellij.junit4.JUnit4IdeaTestRunner.startRunnerWithArgs(JUnit4IdeaTestRunner.java:68) [junit-rt.jar:na]
	at com.intellij.rt.execution.junit.IdeaTestRunner$Repeater.startRunnerWithArgs(IdeaTestRunner.java:47) [junit-rt.jar:na]
	at com.intellij.rt.execution.junit.JUnitStarter.prepareStreamsAndStart(JUnitStarter.java:242) [junit-rt.jar:na]
	at com.intellij.rt.execution.junit.JUnitStarter.main(JUnitStarter.java:70) [junit-rt.jar:na]
2018/09/06-09:51:26 [main] ERROR cn.afterturn.easypoi.cache.WordCache - null
java.lang.NullPointerException: null
	at cn.afterturn.easypoi.cache.WordCache.getXWPFDocumen(WordCache.java:46) ~[easypoi-base-3.0.3.jar:na]
	at cn.afterturn.easypoi.word.parse.ParseWord07.parseWord(ParseWord07.java:241) [easypoi-base-3.0.3.jar:na]
	at cn.afterturn.easypoi.word.WordExportUtil.exportWord07(WordExportUtil.java:47) [easypoi-base-3.0.3.jar:na]
	at com.cj.junit.TimeTest.SimpleWordExport(TimeTest.java:63) [classes/:na]
	at sun.reflect.NativeMethodAccessorImpl.invoke0(Native Method) ~[na:1.8.0_144]
	at sun.reflect.NativeMethodAccessorImpl.invoke(NativeMethodAccessorImpl.java:62) ~[na:1.8.0_144]
	at sun.reflect.DelegatingMethodAccessorImpl.invoke(DelegatingMethodAccessorImpl.java:43) ~[na:1.8.0_144]
	at java.lang.reflect.Method.invoke(Method.java:498) ~[na:1.8.0_144]
	at org.junit.runners.model.FrameworkMethod$1.runReflectiveCall(FrameworkMethod.java:50) [junit-4.12.jar:4.12]
	at org.junit.internal.runners.model.ReflectiveCallable.run(ReflectiveCallable.java:12) [junit-4.12.jar:4.12]
	at org.junit.runners.model.FrameworkMethod.invokeExplosively(FrameworkMethod.java:47) [junit-4.12.jar:4.12]
	at org.junit.internal.runners.statements.InvokeMethod.evaluate(InvokeMethod.java:17) [junit-4.12.jar:4.12]
	at org.junit.runners.ParentRunner.runLeaf(ParentRunner.java:325) [junit-4.12.jar:4.12]
	at org.junit.runners.BlockJUnit4ClassRunner.runChild(BlockJUnit4ClassRunner.java:78) [junit-4.12.jar:4.12]
	at org.junit.runners.BlockJUnit4ClassRunner.runChild(BlockJUnit4ClassRunner.java:57) [junit-4.12.jar:4.12]
	at org.junit.runners.ParentRunner$3.run(ParentRunner.java:290) [junit-4.12.jar:4.12]
	at org.junit.runners.ParentRunner$1.schedule(ParentRunner.java:71) [junit-4.12.jar:4.12]
	at org.junit.runners.ParentRunner.runChildren(ParentRunner.java:288) [junit-4.12.jar:4.12]
	at org.junit.runners.ParentRunner.access$000(ParentRunner.java:58) [junit-4.12.jar:4.12]
	at org.junit.runners.ParentRunner$2.evaluate(ParentRunner.java:268) [junit-4.12.jar:4.12]
	at org.junit.runners.ParentRunner.run(ParentRunner.java:363) [junit-4.12.jar:4.12]
	at org.junit.runner.JUnitCore.run(JUnitCore.java:137) [junit-4.12.jar:4.12]
	at com.intellij.junit4.JUnit4IdeaTestRunner.startRunnerWithArgs(JUnit4IdeaTestRunner.java:68) [junit-rt.jar:na]
	at com.intellij.rt.execution.junit.IdeaTestRunner$Repeater.startRunnerWithArgs(IdeaTestRunner.java:47) [junit-rt.jar:na]
	at com.intellij.rt.execution.junit.JUnitStarter.prepareStreamsAndStart(JUnitStarter.java:242) [junit-rt.jar:na]
	at com.intellij.rt.execution.junit.JUnitStarter.main(JUnitStarter.java:70) [junit-rt.jar:na]
